{"level":"info","message":"App listening on the port 4010","service":"user-service"}
{"level":"info","message":"Connected","service":"user-service"}
{"level":"info","message":"groups is  [object Object],[object Object]","service":"user-service"}
{"level":"info","message":"groups is  [object Object],[object Object]","service":"user-service"}
{"level":"info","message":"groups is  [object Object],[object Object]","service":"user-service"}
{"level":"info","message":"groups is  [object Object],[object Object]","service":"user-service"}
{"level":"info","message":"groups is  [object Object],[object Object]","service":"user-service"}
{"level":"info","message":"App listening on the port 4010","service":"user-service"}
{"level":"info","message":"Connected","service":"user-service"}
{"level":"info","message":"App listening on the port 4010","service":"user-service"}
{"level":"info","message":"Connected","service":"user-service"}
{"level":"info","message":"App listening on the port 4010","service":"user-service"}
{"level":"info","message":"Connected","service":"user-service"}
{"level":"info","message":"App listening on the port 4010","service":"user-service"}
{"level":"info","message":"Connected","service":"user-service"}
{"level":"info","message":"App listening on the port 4010","service":"user-service"}
{"level":"info","message":"Connected","service":"user-service"}
{"level":"info","message":"App listening on the port 4010","service":"user-service"}
{"level":"info","message":"Connected","service":"user-service"}
{"level":"info","message":"App listening on the port 4010","service":"user-service"}
{"level":"info","message":"Connected","service":"user-service"}
{"level":"info","message":"App listening on the port 4010","service":"user-service"}
{"level":"info","message":"Connected","service":"user-service"}
{"level":"info","message":"App listening on the port 4010","service":"user-service"}
{"level":"info","message":"Connected","service":"user-service"}
{"level":"info","message":"App listening on the port 4010","service":"user-service"}
{"level":"info","message":"Connected","service":"user-service"}
{"level":"info","message":"App listening on the port 4010","service":"user-service"}
{"level":"info","message":"Connected","service":"user-service"}
{"level":"info","message":"App listening on the port 4010","service":"user-service"}
{"level":"info","message":"Connected","service":"user-service"}
{"level":"info","message":"App listening on the port 4010","service":"user-service"}
{"level":"info","message":"Connected","service":"user-service"}
{"level":"info","message":"App listening on the port 4010","service":"user-service"}
{"level":"info","message":"Connected","service":"user-service"}
{"level":"info","message":"App listening on the port 4010","service":"user-service"}
{"level":"info","message":"Connected","service":"user-service"}
{"level":"info","message":"App listening on the port 4010","service":"user-service"}
{"level":"info","message":"Connected","service":"user-service"}
{"level":"info","message":"App listening on the port 4010","service":"user-service"}
{"level":"info","message":"Connected","service":"user-service"}
{"level":"info","message":"App listening on the port 4010","service":"user-service"}
{"level":"info","message":"Connected","service":"user-service"}
{"level":"error","message":" Cannot read properties of undefined (reading 'forEach')","service":"user-service","stack":"TypeError: Cannot read properties of undefined (reading 'forEach')\n    at App.<anonymous> (G:\\education\\backend\\dev\\initialapp\\Appinit.ts:123:22)\n    at Generator.next (<anonymous>)\n    at fulfilled (G:\\education\\backend\\dev\\initialapp\\Appinit.ts:5:58)\n    at processTicksAndRejections (node:internal/process/task_queues:96:5)"}
{"level":"info","message":"App listening on the port 4010","service":"user-service"}
{"level":"info","message":"Connected","service":"user-service"}
{"level":"error","message":" Cannot read properties of undefined (reading 'forEach')","service":"user-service","stack":"TypeError: Cannot read properties of undefined (reading 'forEach')\n    at App.<anonymous> (G:\\education\\backend\\dev\\initialapp\\Appinit.ts:123:22)\n    at Generator.next (<anonymous>)\n    at fulfilled (G:\\education\\backend\\dev\\initialapp\\Appinit.ts:5:58)\n    at processTicksAndRejections (node:internal/process/task_queues:96:5)"}
{"level":"info","message":"App listening on the port 4010","service":"user-service"}
{"level":"info","message":"Connected","service":"user-service"}
{"level":"error","message":"","service":"user-service"}
{"level":"info","message":"App listening on the port 4010","service":"user-service"}
{"level":"info","message":"Connected","service":"user-service"}
{"level":"info","message":"App listening on the port 4010","service":"user-service"}
{"level":"info","message":"Connected","service":"user-service"}
{"level":"info","message":"App listening on the port 4010","service":"user-service"}
{"level":"info","message":"Connected","service":"user-service"}
{"level":"info","message":"App listening on the port 4010","service":"user-service"}
{"level":"info","message":"Connected","service":"user-service"}
{"level":"info","message":"App listening on the port 4010","service":"user-service"}
{"level":"info","message":"Connected","service":"user-service"}
{"level":"info","message":"App listening on the port 4010","service":"user-service"}
{"level":"info","message":"Connected","service":"user-service"}
{"level":"info","message":"App listening on the port 4010","service":"user-service"}
{"level":"info","message":"Connected","service":"user-service"}
{"level":"info","message":"App listening on the port 4010","service":"user-service"}
{"level":"info","message":"Connected","service":"user-service"}
{"level":"info","message":"App listening on the port 4010","service":"user-service"}
{"level":"info","message":"Connected","service":"user-service"}
{"level":"info","message":"App listening on the port 4010","service":"user-service"}
{"level":"info","message":"Connected","service":"user-service"}
{"level":"info","message":"App listening on the port 4010","service":"user-service"}
{"level":"info","message":"Connected","service":"user-service"}
{"level":"info","message":"App listening on the port 4010","service":"user-service"}
{"level":"info","message":"Connected","service":"user-service"}
{"level":"info","message":"App listening on the port 4010","service":"user-service"}
{"level":"info","message":"Connected","service":"user-service"}
{"level":"info","message":"App listening on the port 4010","service":"user-service"}
{"level":"info","message":"Connected","service":"user-service"}
{"level":"info","message":"App listening on the port 4010","service":"user-service"}
{"level":"info","message":"Connected","service":"user-service"}
{"level":"info","message":"App listening on the port 4010","service":"user-service"}
{"level":"info","message":"Connected","service":"user-service"}
{"level":"info","message":"App listening on the port 4010","service":"user-service"}
{"level":"info","message":"Connected","service":"user-service"}
{"level":"info","message":"App listening on the port 4010","service":"user-service"}
{"level":"info","message":"Connected","service":"user-service"}
{"level":"info","message":"App listening on the port 4010","service":"user-service"}
{"level":"info","message":"Connected","service":"user-service"}
{"level":"info","message":"App listening on the port 4010","service":"user-service"}
{"level":"info","message":"Connected","service":"user-service"}
{"level":"info","message":"App listening on the port 4010","service":"user-service"}
{"level":"info","message":"Connected","service":"user-service"}
{"level":"info","message":"App listening on the port 4010","service":"user-service"}
{"level":"info","message":"Connected","service":"user-service"}
{"level":"info","message":"App listening on the port 4010","service":"user-service"}
{"level":"info","message":"Connected","service":"user-service"}
{"level":"info","message":"App listening on the port 4010","service":"user-service"}
{"level":"info","message":"Connected","service":"user-service"}
{"level":"info","message":"App listening on the port 4010","service":"user-service"}
{"level":"info","message":"Connected","service":"user-service"}
{"level":"info","message":"App listening on the port 4010","service":"user-service"}
{"level":"info","message":"Connected","service":"user-service"}
{"level":"info","message":"App listening on the port 4010","service":"user-service"}
{"level":"info","message":"Connected","service":"user-service"}
{"level":"info","message":"App listening on the port 4010","service":"user-service"}
{"level":"info","message":"Connected","service":"user-service"}
{"level":"info","message":"App listening on the port 4010","service":"user-service"}
{"level":"info","message":"Connected","service":"user-service"}
{"level":"info","message":"App listening on the port 4010","service":"user-service"}
{"level":"info","message":"Connected","service":"user-service"}
{"level":"info","message":"App listening on the port 4010","service":"user-service"}
{"level":"info","message":"Connected","service":"user-service"}
{"level":"info","message":"App listening on the port 4010","service":"user-service"}
{"level":"info","message":"Connected","service":"user-service"}
{"level":"info","message":"App listening on the port 4010","service":"user-service"}
{"level":"info","message":"Connected","service":"user-service"}
{"level":"info","message":"App listening on the port 4010","service":"user-service"}
{"level":"info","message":"Connected","service":"user-service"}
{"level":"info","message":"App listening on the port 4010","service":"user-service"}
{"level":"info","message":"Connected","service":"user-service"}
{"level":"info","message":"App listening on the port 4010","service":"user-service"}
{"level":"info","message":"Connected","service":"user-service"}
{"level":"info","message":"App listening on the port 4010","service":"user-service"}
{"level":"info","message":"Connected","service":"user-service"}
{"level":"info","message":"App listening on the port 4010","service":"user-service"}
{"level":"info","message":"Connected","service":"user-service"}
{"level":"info","message":"App listening on the port 4010","service":"user-service"}
{"level":"info","message":"Connected","service":"user-service"}
{"level":"info","message":"App listening on the port 4010","service":"user-service"}
{"level":"info","message":"Connected","service":"user-service"}
{"level":"info","message":"App listening on the port 4010","service":"user-service"}
{"level":"info","message":"Connected","service":"user-service"}
{"level":"info","message":"App listening on the port 4010","service":"user-service"}
{"level":"info","message":"Connected","service":"user-service"}
{"level":"info","message":"App listening on the port 4010","service":"user-service"}
{"level":"info","message":"Connected","service":"user-service"}
{"level":"info","message":"App listening on the port 4010","service":"user-service"}
{"level":"info","message":"Connected","service":"user-service"}
{"level":"info","message":"App listening on the port 4010","service":"user-service"}
{"level":"info","message":"Connected","service":"user-service"}
{"level":"info","message":"App listening on the port 4010","service":"user-service"}
{"level":"info","message":"Connected","service":"user-service"}
{"level":"info","message":"App listening on the port 4010","service":"user-service"}
{"level":"info","message":"Connected","service":"user-service"}
{"level":"info","message":"App listening on the port 4010","service":"user-service"}
{"level":"info","message":"Connected","service":"user-service"}
{"level":"info","message":"App listening on the port 4010","service":"user-service"}
{"level":"info","message":"Connected","service":"user-service"}
{"level":"info","message":"App listening on the port 4010","service":"user-service"}
{"level":"info","message":"Connected","service":"user-service"}
{"level":"info","message":"App listening on the port 4010","service":"user-service"}
{"level":"info","message":"Connected","service":"user-service"}
{"level":"info","message":"App listening on the port 4010","service":"user-service"}
{"level":"info","message":"Connected","service":"user-service"}
{"level":"info","message":"App listening on the port 4010","service":"user-service"}
{"level":"info","message":"Connected","service":"user-service"}
{"level":"info","message":"App listening on the port 4010","service":"user-service"}
{"level":"info","message":"Connected","service":"user-service"}
{"level":"info","message":"App listening on the port 4010","service":"user-service"}
{"level":"info","message":"Connected","service":"user-service"}
{"level":"info","message":"App listening on the port 4010","service":"user-service"}
{"level":"info","message":"Connected","service":"user-service"}
{"level":"info","message":"App listening on the port 4010","service":"user-service"}
{"level":"info","message":"Connected","service":"user-service"}
{"level":"info","message":"App listening on the port 4010","service":"user-service"}
{"level":"info","message":"Connected","service":"user-service"}
{"level":"info","message":"App listening on the port 4010","service":"user-service"}
{"level":"info","message":"Connected","service":"user-service"}
{"level":"info","message":"App listening on the port 4010","service":"user-service"}
{"level":"info","message":"Connected","service":"user-service"}
{"level":"info","message":"App listening on the port 4010","service":"user-service"}
{"level":"info","message":"Connected","service":"user-service"}
{"level":"info","message":"App listening on the port 4010","service":"user-service"}
{"level":"info","message":"Connected","service":"user-service"}
{"level":"info","message":"App listening on the port 4010","service":"user-service"}
{"level":"info","message":"Connected","service":"user-service"}
{"level":"info","message":"App listening on the port 4010","service":"user-service"}
{"level":"info","message":"Connected","service":"user-service"}
{"level":"info","message":"App listening on the port 4010","service":"user-service"}
{"level":"info","message":"Connected","service":"user-service"}
{"level":"info","message":"App listening on the port 4010","service":"user-service"}
{"level":"info","message":"Connected","service":"user-service"}
{"level":"info","message":"App listening on the port 4010","service":"user-service"}
{"level":"info","message":"Connected","service":"user-service"}
{"level":"info","message":"App listening on the port 4010","service":"user-service"}
{"level":"info","message":"Connected","service":"user-service"}
{"level":"info","message":"App listening on the port 4010","service":"user-service"}
{"level":"info","message":"Connected","service":"user-service"}
{"level":"info","message":"App listening on the port 4010","service":"user-service"}
{"level":"info","message":"Connected","service":"user-service"}
{"level":"info","message":"App listening on the port 4010","service":"user-service"}
{"level":"info","message":"Connected","service":"user-service"}
{"level":"info","message":"App listening on the port 4010","service":"user-service"}
{"level":"info","message":"Connected","service":"user-service"}
{"level":"info","message":"App listening on the port 4010","service":"user-service"}
{"level":"info","message":"Connected","service":"user-service"}
{"level":"info","message":"App listening on the port 4010","service":"user-service"}
{"level":"info","message":"Connected","service":"user-service"}
{"level":"info","message":"App listening on the port 4010","service":"user-service"}
{"level":"info","message":"Connected","service":"user-service"}
{"level":"info","message":"App listening on the port 4010","service":"user-service"}
{"level":"info","message":"Connected","service":"user-service"}
{"level":"info","message":"App listening on the port 4010","service":"user-service"}
{"level":"info","message":"Connected","service":"user-service"}
{"level":"info","message":"App listening on the port 4010","service":"user-service"}
{"level":"info","message":"Connected","service":"user-service"}
{"level":"info","message":"App listening on the port 4010","service":"user-service"}
{"level":"info","message":"Connected","service":"user-service"}
{"level":"info","message":"App listening on the port 4010","service":"user-service"}
{"level":"info","message":"Connected","service":"user-service"}
{"level":"info","message":"App listening on the port 4010","service":"user-service"}
{"level":"info","message":"Connected","service":"user-service"}
{"level":"info","message":"App listening on the port 4010","service":"user-service"}
{"level":"info","message":"Connected","service":"user-service"}
{"level":"info","message":"App listening on the port 4010","service":"user-service"}
{"level":"info","message":"Connected","service":"user-service"}
{"level":"info","message":"App listening on the port 4010","service":"user-service"}
{"level":"info","message":"Connected","service":"user-service"}
{"level":"info","message":"App listening on the port 4010","service":"user-service"}
{"level":"info","message":"Connected","service":"user-service"}
{"level":"info","message":"App listening on the port 4010","service":"user-service"}
{"level":"info","message":"Connected","service":"user-service"}
{"level":"info","message":"App listening on the port 4010","service":"user-service"}
{"level":"info","message":"Connected","service":"user-service"}
{"level":"info","message":"App listening on the port 4010","service":"user-service"}
{"level":"info","message":"Connected","service":"user-service"}
{"level":"info","message":"App listening on the port 4010","service":"user-service"}
{"level":"info","message":"Connected","service":"user-service"}
{"level":"info","message":"App listening on the port 4010","service":"user-service"}
{"level":"info","message":"Connected","service":"user-service"}
{"level":"info","message":"App listening on the port 4010","service":"user-service"}
{"level":"info","message":"Connected","service":"user-service"}
{"level":"info","message":"App listening on the port 4010","service":"user-service"}
{"level":"info","message":"Connected","service":"user-service"}
{"level":"info","message":"App listening on the port 4010","service":"user-service"}
{"level":"info","message":"Connected","service":"user-service"}
{"level":"info","message":"App listening on the port 4010","service":"user-service"}
{"level":"info","message":"Connected","service":"user-service"}
{"level":"info","message":"App listening on the port 4010","service":"user-service"}
{"level":"info","message":"Connected","service":"user-service"}
{"level":"info","message":"App listening on the port 4010","service":"user-service"}
{"level":"info","message":"Connected","service":"user-service"}
{"level":"info","message":"App listening on the port 4010","service":"user-service"}
{"level":"info","message":"Connected","service":"user-service"}
{"level":"info","message":"App listening on the port 4010","service":"user-service"}
{"level":"info","message":"Connected","service":"user-service"}
{"level":"info","message":"App listening on the port 4010","service":"user-service"}
{"level":"info","message":"Connected","service":"user-service"}
{"level":"info","message":"App listening on the port 4010","service":"user-service"}
{"level":"info","message":"Connected","service":"user-service"}
{"level":"info","message":"App listening on the port 4010","service":"user-service"}
{"level":"info","message":"Connected","service":"user-service"}
{"level":"error","message":" Argument passed in must be a string of 12 bytes or a string of 24 hex characters","service":"user-service","stack":"BSONTypeError: Argument passed in must be a string of 12 bytes or a string of 24 hex characters\n    at new BSONTypeError (G:\\education\\backend\\node_modules\\bson\\src\\error.ts:16:5)\n    at new ObjectId (G:\\education\\backend\\node_modules\\bson\\src\\objectid.ts:86:15)\n    at G:\\education\\backend\\dev\\component\\contact\\conversation\\conversation.service.ts:95:16\n    at Generator.next (<anonymous>)\n    at G:\\education\\backend\\dev\\component\\contact\\conversation\\conversation.service.ts:8:71\n    at new Promise (<anonymous>)\n    at __awaiter (G:\\education\\backend\\dev\\component\\contact\\conversation\\conversation.service.ts:4:12)\n    at GetUserInConv (G:\\education\\backend\\dev\\component\\contact\\conversation\\conversation.service.ts:94:5)\n    at G:\\education\\backend\\dev\\errorhand\\TryCatch.ts:6:7\n    at Layer.handle [as handle_request] (G:\\education\\backend\\node_modules\\express\\lib\\router\\layer.js:95:5)"}
{"level":"info","message":"App listening on the port 4010","service":"user-service"}
{"level":"info","message":"Connected","service":"user-service"}
{"level":"info","message":"App listening on the port 4010","service":"user-service"}
{"level":"info","message":"Connected","service":"user-service"}
{"level":"info","message":"App listening on the port 4010","service":"user-service"}
{"level":"info","message":"Connected","service":"user-service"}
{"level":"info","message":"App listening on the port 4010","service":"user-service"}
{"level":"info","message":"Connected","service":"user-service"}
{"level":"info","message":"App listening on the port 4010","service":"user-service"}
{"level":"info","message":"Connected","service":"user-service"}
{"level":"info","message":"App listening on the port 4010","service":"user-service"}
{"level":"info","message":"Connected","service":"user-service"}
{"level":"info","message":"App listening on the port 4010","service":"user-service"}
{"level":"info","message":"Connected","service":"user-service"}
{"level":"info","message":"App listening on the port 4010","service":"user-service"}
{"level":"info","message":"Connected","service":"user-service"}
{"level":"info","message":"App listening on the port 4010","service":"user-service"}
{"level":"info","message":"Connected","service":"user-service"}
{"level":"info","message":"App listening on the port 4010","service":"user-service"}
{"level":"info","message":"Connected","service":"user-service"}
{"level":"info","message":"App listening on the port 4010","service":"user-service"}
{"level":"info","message":"Connected","service":"user-service"}
{"level":"info","message":"App listening on the port 4010","service":"user-service"}
{"level":"info","message":"Connected","service":"user-service"}
{"level":"info","message":"App listening on the port 4010","service":"user-service"}
{"level":"info","message":"Connected","service":"user-service"}
{"level":"info","message":"App listening on the port 4010","service":"user-service"}
{"level":"info","message":"Connected","service":"user-service"}
{"level":"info","message":"App listening on the port 4010","service":"user-service"}
{"level":"info","message":"Connected","service":"user-service"}
{"level":"info","message":"App listening on the port 4010","service":"user-service"}
{"level":"info","message":"Connected","service":"user-service"}
{"level":"info","message":"App listening on the port 4010","service":"user-service"}
{"level":"info","message":"Connected","service":"user-service"}
{"level":"info","message":"App listening on the port 4010","service":"user-service"}
{"level":"info","message":"Connected","service":"user-service"}
{"level":"info","message":"App listening on the port 4010","service":"user-service"}
{"level":"info","message":"Connected","service":"user-service"}
{"level":"info","message":"App listening on the port 4010","service":"user-service"}
{"level":"info","message":"Connected","service":"user-service"}
{"level":"info","message":"App listening on the port 4010","service":"user-service"}
{"level":"info","message":"Connected","service":"user-service"}
{"level":"error","message":" Argument passed in must be a string of 12 bytes or a string of 24 hex characters","service":"user-service","stack":"BSONTypeError: Argument passed in must be a string of 12 bytes or a string of 24 hex characters\n    at new BSONTypeError (G:\\education\\backend\\node_modules\\bson\\src\\error.ts:16:5)\n    at new ObjectId (G:\\education\\backend\\node_modules\\bson\\src\\objectid.ts:86:15)\n    at G:\\education\\backend\\dev\\component\\contact\\conversation\\conversation.service.ts:97:16\n    at Generator.next (<anonymous>)\n    at G:\\education\\backend\\dev\\component\\contact\\conversation\\conversation.service.ts:8:71\n    at new Promise (<anonymous>)\n    at __awaiter (G:\\education\\backend\\dev\\component\\contact\\conversation\\conversation.service.ts:4:12)\n    at GetUserInConv (G:\\education\\backend\\dev\\component\\contact\\conversation\\conversation.service.ts:96:5)\n    at G:\\education\\backend\\dev\\errorhand\\TryCatch.ts:6:7\n    at Layer.handle [as handle_request] (G:\\education\\backend\\node_modules\\express\\lib\\router\\layer.js:95:5)"}
{"level":"info","message":"App listening on the port 4010","service":"user-service"}
{"level":"info","message":"Connected","service":"user-service"}
{"level":"info","message":"App listening on the port 4010","service":"user-service"}
{"level":"info","message":"Connected","service":"user-service"}
{"level":"info","message":"App listening on the port 4010","service":"user-service"}
{"level":"info","message":"Connected","service":"user-service"}
{"level":"info","message":"App listening on the port 4010","service":"user-service"}
{"level":"info","message":"Connected","service":"user-service"}
{"level":"info","message":"App listening on the port 4010","service":"user-service"}
{"level":"info","message":"Connected","service":"user-service"}
{"level":"info","message":"App listening on the port 4010","service":"user-service"}
{"level":"info","message":"Connected","service":"user-service"}
{"level":"info","message":"App listening on the port 4010","service":"user-service"}
{"level":"info","message":"Connected","service":"user-service"}
{"level":"info","message":"App listening on the port 4010","service":"user-service"}
{"level":"info","message":"Connected","service":"user-service"}
{"level":"info","message":"App listening on the port 4010","service":"user-service"}
{"level":"info","message":"Connected","service":"user-service"}
{"level":"info","message":"App listening on the port 4010","service":"user-service"}
{"level":"info","message":"Connected","service":"user-service"}
{"level":"info","message":"App listening on the port 4010","service":"user-service"}
{"level":"info","message":"Connected","service":"user-service"}
{"level":"info","message":"App listening on the port 4010","service":"user-service"}
{"level":"info","message":"Connected","service":"user-service"}
{"level":"info","message":"App listening on the port 4010","service":"user-service"}
{"level":"info","message":"Connected","service":"user-service"}
{"level":"info","message":"App listening on the port 4010","service":"user-service"}
{"level":"info","message":"Connected","service":"user-service"}
{"level":"info","message":"App listening on the port 4010","service":"user-service"}
{"level":"info","message":"Connected","service":"user-service"}
{"level":"info","message":"App listening on the port 4010","service":"user-service"}
{"level":"info","message":"Connected","service":"user-service"}
{"level":"info","message":"App listening on the port 4010","service":"user-service"}
{"level":"info","message":"Connected","service":"user-service"}
{"level":"info","message":"App listening on the port 4010","service":"user-service"}
{"level":"info","message":"Connected","service":"user-service"}
{"level":"info","message":"App listening on the port 4010","service":"user-service"}
{"level":"info","message":"Connected","service":"user-service"}
{"level":"info","message":"App listening on the port 4010","service":"user-service"}
{"level":"info","message":"Connected","service":"user-service"}
{"level":"info","message":"App listening on the port 4010","service":"user-service"}
{"level":"info","message":"Connected","service":"user-service"}
{"level":"info","message":"App listening on the port 4010","service":"user-service"}
{"level":"info","message":"Connected","service":"user-service"}
{"code":28818,"codeName":"Location28818","level":"error","message":" path option to $unwind stage should be prefixed with a '$': messages","ok":0,"service":"user-service","stack":"MongoServerError: path option to $unwind stage should be prefixed with a '$': messages\n    at MessageStream.messageHandler (G:\\education\\backend\\node_modules\\mongodb\\src\\cmap\\connection.ts:753:20)\n    at MessageStream.emit (node:events:520:28)\n    at MessageStream.emit (node:domain:475:12)\n    at processIncomingData (G:\\education\\backend\\node_modules\\mongodb\\src\\cmap\\message_stream.ts:168:12)\n    at MessageStream._write (G:\\education\\backend\\node_modules\\mongodb\\src\\cmap\\message_stream.ts:65:5)\n    at writeOrBuffer (node:internal/streams/writable:389:12)\n    at _write (node:internal/streams/writable:330:10)\n    at MessageStream.Writable.write (node:internal/streams/writable:334:10)\n    at Socket.ondata (node:internal/streams/readable:754:22)\n    at Socket.emit (node:events:520:28)"}
{"level":"info","message":"App listening on the port 4010","service":"user-service"}
{"level":"info","message":"Connected","service":"user-service"}
{"level":"info","message":"App listening on the port 4010","service":"user-service"}
{"level":"info","message":"Connected","service":"user-service"}
{"level":"info","message":"App listening on the port 4010","service":"user-service"}
{"level":"info","message":"Connected","service":"user-service"}
{"level":"info","message":"App listening on the port 4010","service":"user-service"}
{"level":"info","message":"Connected","service":"user-service"}
{"level":"info","message":"App listening on the port 4010","service":"user-service"}
{"level":"info","message":"Connected","service":"user-service"}
{"level":"info","message":"App listening on the port 4010","service":"user-service"}
{"level":"info","message":"Connected","service":"user-service"}
{"level":"info","message":"App listening on the port 4010","service":"user-service"}
{"level":"info","message":"Connected","service":"user-service"}
{"level":"info","message":"App listening on the port 4010","service":"user-service"}
{"level":"info","message":"Connected","service":"user-service"}
{"level":"info","message":"App listening on the port 4010","service":"user-service"}
{"level":"info","message":"Connected","service":"user-service"}
{"level":"info","message":"App listening on the port 4010","service":"user-service"}
{"level":"info","message":"Connected","service":"user-service"}
{"level":"info","message":"App listening on the port 4010","service":"user-service"}
{"level":"info","message":"Connected","service":"user-service"}
{"level":"info","message":"App listening on the port 4010","service":"user-service"}
{"level":"info","message":"Connected","service":"user-service"}
{"level":"info","message":"App listening on the port 4010","service":"user-service"}
{"level":"info","message":"Connected","service":"user-service"}
{"level":"info","message":"App listening on the port 4010","service":"user-service"}
{"level":"info","message":"Connected","service":"user-service"}
{"level":"info","message":"App listening on the port 4010","service":"user-service"}
{"level":"info","message":"Connected","service":"user-service"}
{"level":"info","message":"App listening on the port 4010","service":"user-service"}
{"level":"info","message":"Connected","service":"user-service"}
{"level":"info","message":"App listening on the port 4010","service":"user-service"}
{"level":"info","message":"Connected","service":"user-service"}
{"level":"info","message":"App listening on the port 4010","service":"user-service"}
{"level":"info","message":"Connected","service":"user-service"}
{"level":"info","message":"App listening on the port 4010","service":"user-service"}
{"level":"info","message":"Connected","service":"user-service"}
{"level":"info","message":"App listening on the port 4010","service":"user-service"}
{"level":"info","message":"Connected","service":"user-service"}
{"level":"info","message":"App listening on the port 4010","service":"user-service"}
{"level":"info","message":"Connected","service":"user-service"}
{"level":"info","message":"App listening on the port 4010","service":"user-service"}
{"level":"info","message":"Connected","service":"user-service"}
{"level":"info","message":"App listening on the port 4010","service":"user-service"}
{"level":"info","message":"Connected","service":"user-service"}
{"level":"info","message":"App listening on the port 4010","service":"user-service"}
{"level":"info","message":"Connected","service":"user-service"}
{"level":"info","message":"App listening on the port 4010","service":"user-service"}
{"level":"info","message":"Connected","service":"user-service"}
{"level":"info","message":"App listening on the port 4010","service":"user-service"}
{"level":"info","message":"Connected","service":"user-service"}
{"level":"info","message":"App listening on the port 4010","service":"user-service"}
{"level":"info","message":"Connected","service":"user-service"}
{"level":"info","message":"App listening on the port 4010","service":"user-service"}
{"level":"info","message":"Connected","service":"user-service"}
{"level":"info","message":"App listening on the port 4010","service":"user-service"}
{"level":"info","message":"Connected","service":"user-service"}
{"level":"info","message":"App listening on the port 4010","service":"user-service"}
{"level":"info","message":"Connected","service":"user-service"}
{"level":"info","message":"App listening on the port 4010","service":"user-service"}
{"level":"info","message":"Connected","service":"user-service"}
{"level":"info","message":"App listening on the port 4010","service":"user-service"}
{"level":"info","message":"Connected","service":"user-service"}
{"level":"info","message":"App listening on the port 4010","service":"user-service"}
{"level":"info","message":"Connected","service":"user-service"}
{"level":"info","message":"App listening on the port 4010","service":"user-service"}
{"level":"info","message":"Connected","service":"user-service"}
{"level":"info","message":"App listening on the port 4010","service":"user-service"}
{"level":"info","message":"Connected","service":"user-service"}
{"level":"info","message":"App listening on the port 4010","service":"user-service"}
{"level":"info","message":"Connected","service":"user-service"}
{"level":"info","message":"App listening on the port 4010","service":"user-service"}
{"level":"info","message":"Connected","service":"user-service"}
{"level":"info","message":"App listening on the port 4010","service":"user-service"}
{"level":"info","message":"Connected","service":"user-service"}
